Received branch: H&BS
Creating folder: Ideal/H&BS
Received branch: H&BS
Creating folder: Ideal/H&BS
Received branch: EEE
Creating folder: Ideal/EEE
Received branch: H&BS
Received branch: H&BS
Received branch: EEE
Creating folder: Ideal/EEE
Received branch: CSE
Creating folder: Ideal/CSE
Received branch: CSM
Creating folder: Ideal/CSM
Received branch: COS
Creating folder: Ideal/COS
Received branch: ECE
Creating folder: Ideal/ECE
Received branch: CSE
Creating folder: Ideal/CSE
Received branch: COS
Creating folder: Ideal/COS
Received branch: COS
Creating folder: Ideal/COS
Received branch: CSE
Received branch: CSE
Creating folder: Ideal/CSE
Received branch: CSM
Creating folder: Ideal/CSM
Received branch: ECE
Creating folder: Ideal/ECE
Received branch: CSE
Creating folder: Ideal/CSE
Received branch: CSE
Creating folder: Ideal/CSE
Received branch: CSE
Creating folder: Ideal/CSE
Received branch: ECE
Creating folder: Ideal/ECE
Received branch: CSE
Creating folder: Ideal/CSE
Received branch: CSE
Creating folder: Ideal/CSE
Received branch: CSE
Creating folder: Ideal/CSE
Received branch: CSE
Creating folder: Ideal/CSE
Received branch: CSE
Creating folder: Ideal/CSE
